22:11:10,418 passlib.registry DEBUG registered 'bcrypt' handler: <class 'passlib.handlers.bcrypt.bcrypt'>
22:11:10,421 uvicorn.error INFO Started server process [19162]
22:11:10,422 uvicorn.error INFO Waiting for application startup.
22:11:10,422 uvicorn.error INFO Application startup complete.
22:11:11,553 main INFO rid=NGXRMU start request path=/
22:11:11,553 main INFO rid=NGXRMU completed_in=0.25ms status_code=404
22:11:11,813 main INFO rid=PNTGZ1 start request path=/favicon.ico
22:11:11,814 main INFO rid=PNTGZ1 completed_in=0.25ms status_code=404
22:11:14,288 main INFO rid=99ZOTJ start request path=/docs
22:11:14,289 main INFO rid=99ZOTJ completed_in=0.25ms status_code=200
22:11:14,469 main INFO rid=KPMBHA start request path=/openapi.json
22:11:14,476 main INFO rid=KPMBHA completed_in=5.95ms status_code=200
22:11:17,546 main INFO rid=6GZ5YA start request path=/register
22:11:17,547 passlib.handlers.bcrypt DEBUG detected 'bcrypt' backend, version '3.2.0'
22:11:17,547 passlib.handlers.bcrypt DEBUG 'bcrypt' backend lacks $2$ support, enabling workaround
22:11:17,755 main INFO rid=6GZ5YA completed_in=208.78ms status_code=200
22:11:24,429 main INFO rid=0L2KXE start request path=/get/db
22:11:24,429 main INFO rid=0L2KXE completed_in=0.24ms status_code=200
13:06:13,959 passlib.registry DEBUG registered 'bcrypt' handler: <class 'passlib.handlers.bcrypt.bcrypt'>
13:06:13,963 uvicorn.error INFO Started server process [53582]
13:06:13,964 uvicorn.error INFO Waiting for application startup.
13:06:13,964 uvicorn.error INFO Application startup complete.
13:06:15,193 main INFO rid=0ISYQF start request path=/
13:06:15,193 main INFO rid=0ISYQF completed_in=0.37ms status_code=307
13:06:15,206 main INFO rid=ZFPPC0 start request path=/docs
13:06:15,206 main INFO rid=ZFPPC0 completed_in=0.17ms status_code=200
13:06:16,214 main INFO rid=2U0A4M start request path=/openapi.json
13:06:16,220 main INFO rid=2U0A4M completed_in=5.68ms status_code=200
13:06:40,824 uvicorn.error INFO Shutting down
13:06:40,924 uvicorn.error INFO Waiting for application shutdown.
13:06:40,925 uvicorn.error INFO Application shutdown complete.
13:06:40,925 uvicorn.error INFO Finished server process [53582]
13:06:41,168 passlib.registry DEBUG registered 'bcrypt' handler: <class 'passlib.handlers.bcrypt.bcrypt'>
13:06:41,171 uvicorn.error INFO Started server process [53817]
13:06:41,172 uvicorn.error INFO Waiting for application startup.
13:06:41,172 uvicorn.error INFO Application startup complete.
13:06:42,411 main INFO rid=RY0YF7 start request path=/docs
13:06:42,411 main INFO rid=RY0YF7 completed_in=0.36ms status_code=200
13:06:42,713 main INFO rid=9TDXUE start request path=/openapi.json
13:06:42,717 main INFO rid=9TDXUE completed_in=3.74ms status_code=200
